# JRE version: Java(TM) SE Runtime Environment (8.0_51-b16) (build 1.8.0_51-b16)
# Java VM: Java HotSpot(TM) 64-Bit Server VM (25.51-b03 mixed mode bsd-amd64 compressed oops)
Heap:
 PSYoungGen      total 239616K, used 38561K [0x0000000795580000, 0x00000007a6580000, 0x00000007c0000000)
  eden space 231936K, 13% used [0x0000000795580000,0x00000007973abe80,0x00000007a3800000)
  from space 7680K, 99% used [0x00000007a5e00000,0x00000007a657c920,0x00000007a6580000)
  to   space 9728K, 0% used [0x00000007a5280000,0x00000007a5280000,0x00000007a5c00000)
 ParOldGen       total 48128K, used 8687K [0x0000000740000000, 0x0000000742f00000, 0x0000000795580000)
  object space 48128K, 18% used [0x0000000740000000,0x000000074087bc20,0x0000000742f00000)
 Metaspace       used 32509K, capacity 32814K, committed 33152K, reserved 1079296K
  class space    used 3793K, capacity 3869K, committed 3968K, reserved 1048576K
GC Heap History (10 events):
Event: 1.985 GC heap before
{Heap before GC invocations=5 (full 0):
 PSYoungGen      total 71680K, used 70677K [0x0000000795580000, 0x000000079a080000, 0x00000007c0000000)
  eden space 66560K, 100% used [0x0000000795580000,0x0000000799680000,0x0000000799680000)
  from space 5120K, 80% used [0x0000000799b80000,0x0000000799f85698,0x000000079a080000)
  to   space 5120K, 0% used [0x0000000799680000,0x0000000799680000,0x0000000799b80000)
 ParOldGen       total 87552K, used 104K [0x0000000740000000, 0x0000000745580000, 0x0000000795580000)
  object space 87552K, 0% used [0x0000000740000000,0x000000074001a010,0x0000000745580000)
 Metaspace       used 14998K, capacity 15148K, committed 15360K, reserved 1062912K
  class space    used 1719K, capacity 1754K, committed 1792K, reserved 1048576K
Event: 1.994 GC heap after
Heap after GC invocations=5 (full 0):
 PSYoungGen      total 71680K, used 5116K [0x0000000795580000, 0x000000079e380000, 0x00000007c0000000)
  eden space 66560K, 0% used [0x0000000795580000,0x0000000795580000,0x0000000799680000)
  from space 5120K, 99% used [0x0000000799680000,0x0000000799b7f2f0,0x0000000799b80000)
  to   space 6144K, 0% used [0x000000079dd80000,0x000000079dd80000,0x000000079e380000)
 ParOldGen       total 87552K, used 280K [0x0000000740000000, 0x0000000745580000, 0x0000000795580000)
  object space 87552K, 0% used [0x0000000740000000,0x00000007400461f8,0x0000000745580000)
 Metaspace       used 14998K, capacity 15148K, committed 15360K, reserved 1062912K
  class space    used 1719K, capacity 1754K, committed 1792K, reserved 1048576K
}
Event: 2.480 GC heap before
{Heap before GC invocations=6 (full 0):
 PSYoungGen      total 71680K, used 71676K [0x0000000795580000, 0x000000079e380000, 0x00000007c0000000)
  eden space 66560K, 100% used [0x0000000795580000,0x0000000799680000,0x0000000799680000)
  from space 5120K, 99% used [0x0000000799680000,0x0000000799b7f2f0,0x0000000799b80000)
  to   space 6144K, 0% used [0x000000079dd80000,0x000000079dd80000,0x000000079e380000)
 ParOldGen       total 87552K, used 280K [0x0000000740000000, 0x0000000745580000, 0x0000000795580000)
  object space 87552K, 0% used [0x0000000740000000,0x00000007400461f8,0x0000000745580000)
 Metaspace       used 20066K, capacity 20268K, committed 20480K, reserved 1067008K
  class space    used 2374K, capacity 2456K, committed 2560K, reserved 1048576K
Event: 2.489 GC heap after
Heap after GC invocations=6 (full 0):
 PSYoungGen      total 137728K, used 6136K [0x0000000795580000, 0x000000079e680000, 0x00000007c0000000)
  eden space 131584K, 0% used [0x0000000795580000,0x0000000795580000,0x000000079d600000)
  from space 6144K, 99% used [0x000000079dd80000,0x000000079e37e2b0,0x000000079e380000)
  to   space 7680K, 0% used [0x000000079d600000,0x000000079d600000,0x000000079dd80000)
 ParOldGen       total 87552K, used 2056K [0x0000000740000000, 0x0000000745580000, 0x0000000795580000)
  object space 87552K, 2% used [0x0000000740000000,0x00000007402021d0,0x0000000745580000)
 Metaspace       used 20066K, capacity 20268K, committed 20480K, reserved 1067008K
  class space    used 2374K, capacity 2456K, committed 2560K, reserved 1048576K
}
Event: 2.551 GC heap before
{Heap before GC invocations=7 (full 0):
 PSYoungGen      total 137728K, used 14002K [0x0000000795580000, 0x000000079e680000, 0x00000007c0000000)
  eden space 131584K, 5% used [0x0000000795580000,0x0000000795d2e858,0x000000079d600000)
  from space 6144K, 99% used [0x000000079dd80000,0x000000079e37e2b0,0x000000079e380000)
  to   space 7680K, 0% used [0x000000079d600000,0x000000079d600000,0x000000079dd80000)
 ParOldGen       total 87552K, used 2056K [0x0000000740000000, 0x0000000745580000, 0x0000000795580000)
  object space 87552K, 2% used [0x0000000740000000,0x00000007402021d0,0x0000000745580000)
 Metaspace       used 21057K, capacity 21196K, committed 21248K, reserved 1069056K
  class space    used 2493K, capacity 2552K, committed 2560K, reserved 1048576K
Event: 2.561 GC heap after
Heap after GC invocations=7 (full 0):
 PSYoungGen      total 139264K, used 3108K [0x0000000795580000, 0x00000007a6580000, 0x00000007c0000000)
  eden space 131584K, 0% used [0x0000000795580000,0x0000000795580000,0x000000079d600000)
  from space 7680K, 40% used [0x000000079d600000,0x000000079d9093f8,0x000000079dd80000)
  to   space 7680K, 0% used [0x00000007a5e00000,0x00000007a5e00000,0x00000007a6580000)
 ParOldGen       total 87552K, used 4818K [0x0000000740000000, 0x0000000745580000, 0x0000000795580000)
  object space 87552K, 5% used [0x0000000740000000,0x00000007404b49f8,0x0000000745580000)
 Metaspace       used 21057K, capacity 21196K, committed 21248K, reserved 1069056K
  class space    used 2493K, capacity 2552K, committed 2560K, reserved 1048576K
}
Event: 2.561 GC heap before
{Heap before GC invocations=8 (full 1):
 PSYoungGen      total 139264K, used 3108K [0x0000000795580000, 0x00000007a6580000, 0x00000007c0000000)
  eden space 131584K, 0% used [0x0000000795580000,0x0000000795580000,0x000000079d600000)
  from space 7680K, 40% used [0x000000079d600000,0x000000079d9093f8,0x000000079dd80000)
  to   space 7680K, 0% used [0x00000007a5e00000,0x00000007a5e00000,0x00000007a6580000)
 ParOldGen       total 87552K, used 4818K [0x0000000740000000, 0x0000000745580000, 0x0000000795580000)
  object space 87552K, 5% used [0x0000000740000000,0x00000007404b49f8,0x0000000745580000)
 Metaspace       used 21057K, capacity 21196K, committed 21248K, reserved 1069056K
  class space    used 2493K, capacity 2552K, committed 2560K, reserved 1048576K
Event: 2.589 GC heap after
Heap after GC invocations=8 (full 1):
 PSYoungGen      total 139264K, used 0K [0x0000000795580000, 0x00000007a6580000, 0x00000007c0000000)
  eden space 131584K, 0% used [0x0000000795580000,0x0000000795580000,0x000000079d600000)
  from space 7680K, 0% used [0x000000079d600000,0x000000079d600000,0x000000079dd80000)
  to   space 7680K, 0% used [0x00000007a5e00000,0x00000007a5e00000,0x00000007a6580000)
 ParOldGen       total 48128K, used 5760K [0x0000000740000000, 0x0000000742f00000, 0x0000000795580000)
  object space 48128K, 11% used [0x0000000740000000,0x00000007405a0150,0x0000000742f00000)
 Metaspace       used 21057K, capacity 21196K, committed 21248K, reserved 1069056K
  class space    used 2493K, capacity 2552K, committed 2560K, reserved 1048576K
}
Event: 6.946 GC heap before
{Heap before GC invocations=9 (full 1):
 PSYoungGen      total 139264K, used 131584K [0x0000000795580000, 0x00000007a6580000, 0x00000007c0000000)
  eden space 131584K, 100% used [0x0000000795580000,0x000000079d600000,0x000000079d600000)
  from space 7680K, 0% used [0x000000079d600000,0x000000079d600000,0x000000079dd80000)
  to   space 7680K, 0% used [0x00000007a5e00000,0x00000007a5e00000,0x00000007a6580000)
 ParOldGen       total 48128K, used 5760K [0x0000000740000000, 0x0000000742f00000, 0x0000000795580000)
  object space 48128K, 11% used [0x0000000740000000,0x00000007405a0150,0x0000000742f00000)
 Metaspace       used 31524K, capacity 31808K, committed 32000K, reserved 1077248K
  class space    used 3704K, capacity 3760K, committed 3840K, reserved 1048576K
Event: 6.964 GC heap after
Heap after GC invocations=9 (full 1):
 PSYoungGen      total 239616K, used 7666K [0x0000000795580000, 0x00000007a6580000, 0x00000007c0000000)
  eden space 231936K, 0% used [0x0000000795580000,0x0000000795580000,0x00000007a3800000)
  from space 7680K, 99% used [0x00000007a5e00000,0x00000007a657c920,0x00000007a6580000)
  to   space 9728K, 0% used [0x00000007a5280000,0x00000007a5280000,0x00000007a5c00000)
 ParOldGen       total 48128K, used 8687K [0x0000000740000000, 0x0000000742f00000, 0x0000000795580000)
  object space 48128K, 18% used [0x0000000740000000,0x000000074087bc20,0x0000000742f00000)
 Metaspace       used 31524K, capacity 31808K, committed 32000K, reserved 1077248K
  class space    used 3704K, capacity 3760K, committed 3840K, reserved 1048576K
}

